<?xml version="1.0" encoding="UTF-8"?>
<!-- Generated by org.testng.reporters.JUnitReportReporter -->
<testsuite hostname="DESKTOP-KQL3OH2" failures="0" tests="1" name="com.actitime.testscript.CustomerModule" time="77.861" errors="0" timestamp="2023-07-23T13:25:07 IST" skipped="0">
  <testcase classname="com.actitime.testscript.CustomerModule" name="testCreateCustomer" time="77.861">
    <system-out>
      <![CDATA[createCustomer]]>
    </system-out>
  </testcase> <!-- testCreateCustomer -->
  <system-out>
    <![CDATA[openBrowser
login
createCustomer
logout
closeBrowser]]>
  </system-out>
</testsuite> <!-- com.actitime.testscript.CustomerModule -->
